# JRE version: OpenJDK Runtime Environment (8.0_275-b01) (build 1.8.0_275-b01)
# Java VM: OpenJDK 64-Bit Server VM (25.275-b01 mixed mode windows-amd64 compressed oops)
Heap:
 PSYoungGen      total 110080K, used 88529K [0x00000000f5580000, 0x00000000ff700000, 0x0000000100000000)
  eden space 109056K, 81% used [0x00000000f5580000,0x00000000fabf44c8,0x00000000fc000000)
  from space 1024K, 0% used [0x00000000fc300000,0x00000000fc300000,0x00000000fc400000)
  to   space 28160K, 0% used [0x00000000fdb80000,0x00000000fdb80000,0x00000000ff700000)
 ParOldGen       total 175104K, used 58699K [0x00000000e0000000, 0x00000000eab00000, 0x00000000f5580000)
  object space 175104K, 33% used [0x00000000e0000000,0x00000000e3952e10,0x00000000eab00000)
 Metaspace       used 96984K, capacity 102479K, committed 103168K, reserved 1138688K
  class space    used 12967K, capacity 14118K, committed 14336K, reserved 1048576K
GC Heap History (10 events):
Event: 277.686 GC heap before
{Heap before GC invocations=27 (full 3):
 PSYoungGen      total 141312K, used 126714K [0x00000000f5580000, 0x00000000ffd80000, 0x0000000100000000)
  eden space 112128K, 100% used [0x00000000f5580000,0x00000000fc300000,0x00000000fc300000)
  from space 29184K, 49% used [0x00000000fc300000,0x00000000fd13e920,0x00000000fdf80000)
  to   space 28160K, 0% used [0x00000000fe200000,0x00000000fe200000,0x00000000ffd80000)
 ParOldGen       total 175104K, used 84547K [0x00000000e0000000, 0x00000000eab00000, 0x00000000f5580000)
  object space 175104K, 48% used [0x00000000e0000000,0x00000000e5290c90,0x00000000eab00000)
 Metaspace       used 90411K, capacity 95680K, committed 95744K, reserved 1132544K
  class space    used 12134K, capacity 13253K, committed 13312K, reserved 1048576K
Event: 277.709 GC heap after
Heap after GC invocations=27 (full 3):
 PSYoungGen      total 143360K, used 2624K [0x00000000f5580000, 0x0000000100000000, 0x0000000100000000)
  eden space 115200K, 0% used [0x00000000f5580000,0x00000000f5580000,0x00000000fc600000)
  from space 28160K, 9% used [0x00000000fe200000,0x00000000fe490000,0x00000000ffd80000)
  to   space 28672K, 0% used [0x00000000fc600000,0x00000000fc600000,0x00000000fe200000)
 ParOldGen       total 175104K, used 94337K [0x00000000e0000000, 0x00000000eab00000, 0x00000000f5580000)
  object space 175104K, 53% used [0x00000000e0000000,0x00000000e5c204d8,0x00000000eab00000)
 Metaspace       used 90411K, capacity 95680K, committed 95744K, reserved 1132544K
  class space    used 12134K, capacity 13253K, committed 13312K, reserved 1048576K
}
Event: 3050.022 GC heap before
{Heap before GC invocations=28 (full 3):
 PSYoungGen      total 143360K, used 117824K [0x00000000f5580000, 0x0000000100000000, 0x0000000100000000)
  eden space 115200K, 100% used [0x00000000f5580000,0x00000000fc600000,0x00000000fc600000)
  from space 28160K, 9% used [0x00000000fe200000,0x00000000fe490000,0x00000000ffd80000)
  to   space 28672K, 0% used [0x00000000fc600000,0x00000000fc600000,0x00000000fe200000)
 ParOldGen       total 175104K, used 94337K [0x00000000e0000000, 0x00000000eab00000, 0x00000000f5580000)
  object space 175104K, 53% used [0x00000000e0000000,0x00000000e5c204d8,0x00000000eab00000)
 Metaspace       used 90821K, capacity 96096K, committed 96256K, reserved 1132544K
  class space    used 12157K, capacity 13261K, committed 13312K, reserved 1048576K
Event: 3050.125 GC heap after
Heap after GC invocations=28 (full 3):
 PSYoungGen      total 143872K, used 576K [0x00000000f5580000, 0x0000000100000000, 0x0000000100000000)
  eden space 115200K, 0% used [0x00000000f5580000,0x00000000f5580000,0x00000000fc600000)
  from space 28672K, 2% used [0x00000000fc600000,0x00000000fc690000,0x00000000fe200000)
  to   space 29184K, 0% used [0x00000000fe380000,0x00000000fe380000,0x0000000100000000)
 ParOldGen       total 175104K, used 95628K [0x00000000e0000000, 0x00000000eab00000, 0x00000000f5580000)
  object space 175104K, 54% used [0x00000000e0000000,0x00000000e5d63038,0x00000000eab00000)
 Metaspace       used 90821K, capacity 96096K, committed 96256K, reserved 1132544K
  class space    used 12157K, capacity 13261K, committed 13312K, reserved 1048576K
}
Event: 3235.885 GC heap before
{Heap before GC invocations=29 (full 3):
 PSYoungGen      total 143872K, used 115776K [0x00000000f5580000, 0x0000000100000000, 0x0000000100000000)
  eden space 115200K, 100% used [0x00000000f5580000,0x00000000fc600000,0x00000000fc600000)
  from space 28672K, 2% used [0x00000000fc600000,0x00000000fc690000,0x00000000fe200000)
  to   space 29184K, 0% used [0x00000000fe380000,0x00000000fe380000,0x0000000100000000)
 ParOldGen       total 175104K, used 95628K [0x00000000e0000000, 0x00000000eab00000, 0x00000000f5580000)
  object space 175104K, 54% used [0x00000000e0000000,0x00000000e5d63038,0x00000000eab00000)
 Metaspace       used 92642K, capacity 98420K, committed 98600K, reserved 1134592K
  class space    used 12422K, capacity 13631K, committed 13696K, reserved 1048576K
Event: 3235.952 GC heap after
Heap after GC invocations=29 (full 3):
 PSYoungGen      total 134144K, used 12303K [0x00000000f5580000, 0x00000000ff900000, 0x0000000100000000)
  eden space 112128K, 0% used [0x00000000f5580000,0x00000000f5580000,0x00000000fc300000)
  from space 22016K, 55% used [0x00000000fe380000,0x00000000fef83d10,0x00000000ff900000)
  to   space 27648K, 0% used [0x00000000fc300000,0x00000000fc300000,0x00000000fde00000)
 ParOldGen       total 175104K, used 95900K [0x00000000e0000000, 0x00000000eab00000, 0x00000000f5580000)
  object space 175104K, 54% used [0x00000000e0000000,0x00000000e5da7038,0x00000000eab00000)
 Metaspace       used 92642K, capacity 98420K, committed 98600K, reserved 1134592K
  class space    used 12422K, capacity 13631K, committed 13696K, reserved 1048576K
}
Event: 3237.584 GC heap before
{Heap before GC invocations=30 (full 3):
 PSYoungGen      total 134144K, used 16958K [0x00000000f5580000, 0x00000000ff900000, 0x0000000100000000)
  eden space 112128K, 4% used [0x00000000f5580000,0x00000000f5a0bd88,0x00000000fc300000)
  from space 22016K, 55% used [0x00000000fe380000,0x00000000fef83d10,0x00000000ff900000)
  to   space 27648K, 0% used [0x00000000fc300000,0x00000000fc300000,0x00000000fde00000)
 ParOldGen       total 175104K, used 95900K [0x00000000e0000000, 0x00000000eab00000, 0x00000000f5580000)
  object space 175104K, 54% used [0x00000000e0000000,0x00000000e5da7038,0x00000000eab00000)
 Metaspace       used 92717K, capacity 98561K, committed 98600K, reserved 1134592K
  class space    used 12437K, capacity 13657K, committed 13696K, reserved 1048576K
Event: 3237.601 GC heap after
Heap after GC invocations=30 (full 3):
 PSYoungGen      total 110080K, used 544K [0x00000000f5580000, 0x00000000ff700000, 0x0000000100000000)
  eden space 109056K, 0% used [0x00000000f5580000,0x00000000f5580000,0x00000000fc000000)
  from space 1024K, 53% used [0x00000000fc300000,0x00000000fc388000,0x00000000fc400000)
  to   space 28160K, 0% used [0x00000000fdb80000,0x00000000fdb80000,0x00000000ff700000)
 ParOldGen       total 175104K, used 107012K [0x00000000e0000000, 0x00000000eab00000, 0x00000000f5580000)
  object space 175104K, 61% used [0x00000000e0000000,0x00000000e68811e8,0x00000000eab00000)
 Metaspace       used 92717K, capacity 98561K, committed 98600K, reserved 1134592K
  class space    used 12437K, capacity 13657K, committed 13696K, reserved 1048576K
}
Event: 3237.601 GC heap before
{Heap before GC invocations=31 (full 4):
 PSYoungGen      total 110080K, used 544K [0x00000000f5580000, 0x00000000ff700000, 0x0000000100000000)
  eden space 109056K, 0% used [0x00000000f5580000,0x00000000f5580000,0x00000000fc000000)
  from space 1024K, 53% used [0x00000000fc300000,0x00000000fc388000,0x00000000fc400000)
  to   space 28160K, 0% used [0x00000000fdb80000,0x00000000fdb80000,0x00000000ff700000)
 ParOldGen       total 175104K, used 107012K [0x00000000e0000000, 0x00000000eab00000, 0x00000000f5580000)
  object space 175104K, 61% used [0x00000000e0000000,0x00000000e68811e8,0x00000000eab00000)
 Metaspace       used 92717K, capacity 98561K, committed 98600K, reserved 1134592K
  class space    used 12437K, capacity 13657K, committed 13696K, reserved 1048576K
Event: 3238.210 GC heap after
Heap after GC invocations=31 (full 4):
 PSYoungGen      total 110080K, used 0K [0x00000000f5580000, 0x00000000ff700000, 0x0000000100000000)
  eden space 109056K, 0% used [0x00000000f5580000,0x00000000f5580000,0x00000000fc000000)
  from space 1024K, 0% used [0x00000000fc300000,0x00000000fc300000,0x00000000fc400000)
  to   space 28160K, 0% used [0x00000000fdb80000,0x00000000fdb80000,0x00000000ff700000)
 ParOldGen       total 175104K, used 58699K [0x00000000e0000000, 0x00000000eab00000, 0x00000000f5580000)
  object space 175104K, 33% used [0x00000000e0000000,0x00000000e3952e10,0x00000000eab00000)
 Metaspace       used 92275K, capacity 97609K, committed 98600K, reserved 1134592K
  class space    used 12337K, capacity 13436K, committed 13696K, reserved 1048576K
}

